{
  "RSpec": {
    "coverage": {
      "/Users/manojpanta/Turing/3module/projects/RaillsEngine/railsEngine/app/models/customer.rb": [
        1,
        1,
        1,
        1,
        null,
        1,
        null,
        null,
        null,
        null,
        null,
        null,
        null,
        1,
        null,
        null
      ],
      "/Users/manojpanta/Turing/3module/projects/RaillsEngine/railsEngine/app/models/application_record.rb": [
        1,
        1,
        null
      ],
      "/Users/manojpanta/Turing/3module/projects/RaillsEngine/railsEngine/app/models/invoice_item.rb": [
        1,
        1,
        1,
        null
      ],
      "/Users/manojpanta/Turing/3module/projects/RaillsEngine/railsEngine/app/models/invoice.rb": [
        1,
        1,
        1,
        1,
        1,
        1,
        null
      ],
      "/Users/manojpanta/Turing/3module/projects/RaillsEngine/railsEngine/app/models/item.rb": [
        1,
        1,
        1,
        1,
        null,
        1,
        null,
        null,
        null,
        null,
        1,
        null,
        null,
        1,
        null,
        null,
        null,
        null,
        1,
        null,
        null,
        1,
        null,
        null,
        null,
        null,
        null,
        1,
        null,
        null
      ],
      "/Users/manojpanta/Turing/3module/projects/RaillsEngine/railsEngine/app/models/merchant.rb": [
        1,
        1,
        1,
        1,
        1,
        null,
        1,
        null,
        null,
        null,
        null,
        null,
        2,
        null,
        null,
        1,
        null,
        null,
        null,
        null,
        null,
        1,
        null,
        null,
        1,
        null,
        null,
        null,
        1,
        null,
        null,
        1,
        null,
        null,
        null,
        1,
        null,
        null,
        1,
        null,
        null,
        null,
        null,
        0,
        null,
        null,
        null,
        1,
        null,
        null,
        null,
        null,
        null,
        null,
        null,
        null,
        1,
        null,
        null,
        null,
        null,
        null,
        null,
        null,
        null,
        1,
        null,
        null
      ],
      "/Users/manojpanta/Turing/3module/projects/RaillsEngine/railsEngine/app/models/transaction.rb": [
        1,
        1,
        null
      ],
      "/Users/manojpanta/Turing/3module/projects/RaillsEngine/railsEngine/app/controllers/api/v1/customers_controller.rb": [
        1,
        1,
        1,
        null,
        null,
        1,
        1,
        null,
        null
      ],
      "/Users/manojpanta/Turing/3module/projects/RaillsEngine/railsEngine/app/controllers/application_controller.rb": [
        1,
        null
      ],
      "/Users/manojpanta/Turing/3module/projects/RaillsEngine/railsEngine/app/serializers/customer_serializer.rb": [
        1,
        1,
        1,
        null
      ],
      "/Users/manojpanta/Turing/3module/projects/RaillsEngine/railsEngine/app/controllers/api/v1/customers/search_controller.rb": [
        1,
        1,
        5,
        null,
        null,
        1,
        0,
        null,
        null,
        null,
        1,
        null,
        1,
        5,
        null,
        null,
        null
      ],
      "/Users/manojpanta/Turing/3module/projects/RaillsEngine/railsEngine/app/controllers/api/v1/customers/invoices_controller.rb": [
        1,
        1,
        1,
        null,
        null
      ],
      "/Users/manojpanta/Turing/3module/projects/RaillsEngine/railsEngine/app/serializers/invoice_serializer.rb": [
        1,
        1,
        1,
        null
      ],
      "/Users/manojpanta/Turing/3module/projects/RaillsEngine/railsEngine/app/controllers/api/v1/customers/transactions_controller.rb": [
        1,
        1,
        1,
        null,
        null
      ],
      "/Users/manojpanta/Turing/3module/projects/RaillsEngine/railsEngine/app/serializers/transaction_serializer.rb": [
        1,
        1,
        1,
        null,
        1,
        17,
        null,
        null
      ],
      "/Users/manojpanta/Turing/3module/projects/RaillsEngine/railsEngine/app/controllers/api/v1/customers/favorite_merchant_controller.rb": [
        1,
        1,
        1,
        null,
        null
      ],
      "/Users/manojpanta/Turing/3module/projects/RaillsEngine/railsEngine/app/serializers/merchant_serializer.rb": [
        1,
        1,
        1,
        null
      ],
      "/Users/manojpanta/Turing/3module/projects/RaillsEngine/railsEngine/app/controllers/api/v1/invoice_items_controller.rb": [
        1,
        1,
        1,
        null,
        null,
        1,
        1,
        null,
        null
      ],
      "/Users/manojpanta/Turing/3module/projects/RaillsEngine/railsEngine/app/serializers/invoice_item_serializer.rb": [
        1,
        1,
        1,
        null,
        1,
        16,
        null,
        null
      ],
      "/Users/manojpanta/Turing/3module/projects/RaillsEngine/railsEngine/app/controllers/api/v1/invoice_items/search_controller.rb": [
        1,
        1,
        7,
        1,
        1,
        null,
        6,
        null,
        null,
        null,
        1,
        0,
        0,
        0,
        null,
        0,
        null,
        null,
        null,
        null,
        1,
        null,
        1,
        6,
        null,
        null,
        null
      ],
      "/Users/manojpanta/Turing/3module/projects/RaillsEngine/railsEngine/app/controllers/api/v1/invoice_items/invoice_controller.rb": [
        1,
        1,
        1,
        null,
        null
      ],
      "/Users/manojpanta/Turing/3module/projects/RaillsEngine/railsEngine/app/controllers/api/v1/invoice_items/item_controller.rb": [
        1,
        1,
        1,
        null,
        null
      ],
      "/Users/manojpanta/Turing/3module/projects/RaillsEngine/railsEngine/app/serializers/item_serializer.rb": [
        1,
        1,
        1,
        null,
        1,
        21,
        null,
        null
      ],
      "/Users/manojpanta/Turing/3module/projects/RaillsEngine/railsEngine/app/controllers/api/v1/invoices_controller.rb": [
        1,
        1,
        1,
        null,
        null,
        1,
        1,
        null,
        null
      ],
      "/Users/manojpanta/Turing/3module/projects/RaillsEngine/railsEngine/app/controllers/api/v1/invoices/search_controller.rb": [
        1,
        1,
        6,
        null,
        null,
        1,
        0,
        null,
        null,
        null,
        1,
        1,
        6,
        null,
        null,
        null
      ],
      "/Users/manojpanta/Turing/3module/projects/RaillsEngine/railsEngine/app/controllers/api/v1/invoices/transactions_controller.rb": [
        1,
        1,
        1,
        null,
        null
      ],
      "/Users/manojpanta/Turing/3module/projects/RaillsEngine/railsEngine/app/controllers/api/v1/invoices/invoice_items_controller.rb": [
        1,
        1,
        1,
        null,
        null
      ],
      "/Users/manojpanta/Turing/3module/projects/RaillsEngine/railsEngine/app/controllers/api/v1/invoices/items_controller.rb": [
        1,
        1,
        1,
        null,
        null
      ],
      "/Users/manojpanta/Turing/3module/projects/RaillsEngine/railsEngine/app/controllers/api/v1/invoices/customer_controller.rb": [
        1,
        1,
        1,
        null,
        null
      ],
      "/Users/manojpanta/Turing/3module/projects/RaillsEngine/railsEngine/app/controllers/api/v1/invoices/merchant_controller.rb": [
        1,
        1,
        1,
        null,
        null
      ],
      "/Users/manojpanta/Turing/3module/projects/RaillsEngine/railsEngine/app/controllers/api/v1/items_controller.rb": [
        1,
        1,
        1,
        null,
        null,
        1,
        1,
        null,
        null
      ],
      "/Users/manojpanta/Turing/3module/projects/RaillsEngine/railsEngine/app/controllers/api/v1/items/search_controller.rb": [
        1,
        1,
        7,
        1,
        1,
        null,
        6,
        null,
        null,
        null,
        1,
        0,
        0,
        0,
        null,
        0,
        null,
        null,
        null,
        null,
        1,
        1,
        6,
        null,
        null,
        null
      ],
      "/Users/manojpanta/Turing/3module/projects/RaillsEngine/railsEngine/app/controllers/api/v1/items/invoice_items_controller.rb": [
        1,
        1,
        1,
        null,
        null
      ],
      "/Users/manojpanta/Turing/3module/projects/RaillsEngine/railsEngine/app/controllers/api/v1/items/merchant_controller.rb": [
        1,
        1,
        1,
        null,
        null
      ],
      "/Users/manojpanta/Turing/3module/projects/RaillsEngine/railsEngine/app/controllers/api/v1/items/most_revenue_controller.rb": [
        1,
        1,
        1,
        null,
        null
      ],
      "/Users/manojpanta/Turing/3module/projects/RaillsEngine/railsEngine/app/controllers/api/v1/items/most_items_controller.rb": [
        1,
        1,
        1,
        null,
        null
      ],
      "/Users/manojpanta/Turing/3module/projects/RaillsEngine/railsEngine/app/controllers/api/v1/items/best_day_controller.rb": [
        1,
        1,
        1,
        null,
        null
      ],
      "/Users/manojpanta/Turing/3module/projects/RaillsEngine/railsEngine/app/serializers/best_day_serializer.rb": [
        1,
        1,
        1,
        null,
        1,
        1,
        null,
        null
      ],
      "/Users/manojpanta/Turing/3module/projects/RaillsEngine/railsEngine/app/controllers/api/v1/merchants_controller.rb": [
        1,
        1,
        1,
        null,
        null,
        1,
        1,
        null,
        null,
        null
      ],
      "/Users/manojpanta/Turing/3module/projects/RaillsEngine/railsEngine/app/controllers/api/v1/merchants/search_controller.rb": [
        1,
        1,
        4,
        null,
        null,
        1,
        0,
        null,
        null,
        null,
        1,
        1,
        4,
        null,
        null,
        null
      ],
      "/Users/manojpanta/Turing/3module/projects/RaillsEngine/railsEngine/app/controllers/api/v1/merchants/items_controller.rb": [
        1,
        1,
        1,
        null,
        null
      ],
      "/Users/manojpanta/Turing/3module/projects/RaillsEngine/railsEngine/app/controllers/api/v1/merchants/invoices_controller.rb": [
        1,
        1,
        1,
        null,
        null
      ],
      "/Users/manojpanta/Turing/3module/projects/RaillsEngine/railsEngine/app/controllers/api/v1/merchants/most_revenue_controller.rb": [
        1,
        1,
        1,
        null,
        null
      ],
      "/Users/manojpanta/Turing/3module/projects/RaillsEngine/railsEngine/app/controllers/api/v1/merchants/most_items_controller.rb": [
        1,
        1,
        1,
        null,
        null
      ],
      "/Users/manojpanta/Turing/3module/projects/RaillsEngine/railsEngine/app/controllers/api/v1/merchants/revenue_controller.rb": [
        1,
        1,
        1,
        null,
        null
      ],
      "/Users/manojpanta/Turing/3module/projects/RaillsEngine/railsEngine/app/serializers/revenue_serializer.rb": [
        1,
        1,
        1,
        null,
        1,
        1,
        null,
        null
      ],
      "/Users/manojpanta/Turing/3module/projects/RaillsEngine/railsEngine/app/controllers/api/v1/merchants/single_merchant_revenue_controller.rb": [
        1,
        1,
        1,
        0,
        null,
        1,
        null,
        null,
        null
      ],
      "/Users/manojpanta/Turing/3module/projects/RaillsEngine/railsEngine/app/serializers/revenue_for_single_merchant_serializer.rb": [
        1,
        1,
        1,
        1,
        1,
        null,
        null
      ],
      "/Users/manojpanta/Turing/3module/projects/RaillsEngine/railsEngine/app/controllers/api/v1/merchants/favorite_customer_controller.rb": [
        1,
        1,
        1,
        null,
        null
      ],
      "/Users/manojpanta/Turing/3module/projects/RaillsEngine/railsEngine/app/controllers/api/v1/transactions_controller.rb": [
        1,
        1,
        1,
        null,
        null,
        1,
        1,
        null,
        null
      ],
      "/Users/manojpanta/Turing/3module/projects/RaillsEngine/railsEngine/app/controllers/api/v1/transactions/search_controller.rb": [
        1,
        1,
        7,
        null,
        null,
        1,
        0,
        null,
        null,
        null,
        1,
        1,
        7,
        null,
        null
      ],
      "/Users/manojpanta/Turing/3module/projects/RaillsEngine/railsEngine/app/controllers/api/v1/transactions/invoice_controller.rb": [
        1,
        1,
        1,
        null,
        null
      ],
      "/Users/manojpanta/Turing/3module/projects/RaillsEngine/railsEngine/app/mailers/application_mailer.rb": [
        0,
        0,
        0,
        0
      ],
      "/Users/manojpanta/Turing/3module/projects/RaillsEngine/railsEngine/app/jobs/application_job.rb": [
        0,
        0
      ],
      "/Users/manojpanta/Turing/3module/projects/RaillsEngine/railsEngine/app/channels/application_cable/connection.rb": [
        0,
        0,
        0,
        0
      ],
      "/Users/manojpanta/Turing/3module/projects/RaillsEngine/railsEngine/app/channels/application_cable/channel.rb": [
        0,
        0,
        0,
        0
      ]
    },
    "timestamp": 1552673627
  }
}
